Flow report for DE1_SoC_ADC
Thu Sep 03 01:49:10 2020
Quartus Prime Version 16.0.0 Build 211 04/27/2016 SJ Standard Edition


---------------------
; Table of Contents ;
---------------------
  1. Legal Notice
  2. Flow Summary
  3. Flow Settings
  4. Flow Non-Default Global Settings
  5. Flow Elapsed Time
  6. Flow OS Summary
  7. Flow Log
  8. Flow Messages
  9. Flow Suppressed Messages



----------------
; Legal Notice ;
----------------
Copyright (C) 1991-2016 Altera Corporation. All rights reserved.
Your use of Altera Corporation's design tools, logic functions 
and other software and tools, and its AMPP partner logic 
functions, and any output files from any of the foregoing 
(including device programming or simulation files), and any 
associated documentation or information are expressly subject 
to the terms and conditions of the Altera Program License 
Subscription Agreement, the Altera Quartus Prime License Agreement,
the Altera MegaCore Function License Agreement, or other 
applicable license agreement, including, without limitation, 
that your use is for the sole purpose of programming logic 
devices manufactured by Altera and sold by Altera or its 
authorized distributors.  Please refer to the applicable 
agreement for further details.



+-----------------------------------------------------------------------------------+
; Flow Summary                                                                      ;
+---------------------------------+-------------------------------------------------+
; Flow Status                     ; Successful - Thu Sep 03 01:48:36 2020           ;
; Quartus Prime Version           ; 16.0.0 Build 211 04/27/2016 SJ Standard Edition ;
; Revision Name                   ; DE1_SoC_ADC                                     ;
; Top-level Entity Name           ; DE1_SoC_ADC                                     ;
; Family                          ; Cyclone V                                       ;
; Device                          ; 5CSEMA5F31C6                                    ;
; Timing Models                   ; Final                                           ;
; Logic utilization (in ALMs)     ; 1,662 / 32,070 ( 5 % )                          ;
; Total registers                 ; 2357                                            ;
; Total pins                      ; 241 / 457 ( 53 % )                              ;
; Total virtual pins              ; 0                                               ;
; Total block memory bits         ; 1,368,384 / 4,065,280 ( 34 % )                  ;
; Total DSP Blocks                ; 3 / 87 ( 3 % )                                  ;
; Total HSSI RX PCSs              ; 0                                               ;
; Total HSSI PMA RX Deserializers ; 0                                               ;
; Total HSSI TX PCSs              ; 0                                               ;
; Total HSSI PMA TX Serializers   ; 0                                               ;
; Total PLLs                      ; 1 / 6 ( 17 % )                                  ;
; Total DLLs                      ; 0 / 4 ( 0 % )                                   ;
+---------------------------------+-------------------------------------------------+


+-----------------------------------------+
; Flow Settings                           ;
+-------------------+---------------------+
; Option            ; Setting             ;
+-------------------+---------------------+
; Start date & time ; 09/03/2020 01:42:38 ;
; Main task         ; Compilation         ;
; Revision Name     ; DE1_SoC_ADC         ;
+-------------------+---------------------+


+---------------------------------------------------------------------------------------------------------------------------------------------------+
; Flow Non-Default Global Settings                                                                                                                  ;
+--------------------------------------+----------------------------------------------------------------+---------------+--------------+------------+
; Assignment Name                      ; Value                                                          ; Default Value ; Entity Name  ; Section Id ;
+--------------------------------------+----------------------------------------------------------------+---------------+--------------+------------+
; COMPILER_SIGNATURE_ID                ; 44883549519213.159908655705932                                 ; --            ; --           ; --         ;
; FITTER_EFFORT                        ; Standard Fit                                                   ; Auto Fit      ; --           ; --         ;
; MAX_CORE_JUNCTION_TEMP               ; 85                                                             ; --            ; --           ; --         ;
; MIN_CORE_JUNCTION_TEMP               ; 0                                                              ; --            ; --           ; --         ;
; MISC_FILE                            ; DE1_SoC_QSYS/synthesis/../DE1_SoC_QSYS.cmp                     ; --            ; --           ; --         ;
; MISC_FILE                            ; DE1_SoC_QSYS/synthesis/../../DE1_SoC_QSYS.qsys                 ; --            ; --           ; --         ;
; MUX_RESTRUCTURE                      ; Off                                                            ; Auto          ; --           ; --         ;
; OPTIMIZATION_MODE                    ; Aggressive Performance                                         ; Balanced      ; --           ; --         ;
; OPTIMIZATION_TECHNIQUE               ; Speed                                                          ; Balanced      ; --           ; --         ;
; PARTITION_COLOR                      ; 16764057                                                       ; --            ; --           ; Top        ;
; PARTITION_FITTER_PRESERVATION_LEVEL  ; PLACEMENT_AND_ROUTING                                          ; --            ; --           ; Top        ;
; PARTITION_NETLIST_TYPE               ; SOURCE                                                         ; --            ; --           ; Top        ;
; PHYSICAL_SYNTHESIS_COMBO_LOGIC       ; On                                                             ; Off           ; --           ; --         ;
; PHYSICAL_SYNTHESIS_REGISTER_RETIMING ; On                                                             ; Off           ; --           ; --         ;
; PLACEMENT_EFFORT_MULTIPLIER          ; 4.0                                                            ; 1.0           ; --           ; --         ;
; POWER_BOARD_THERMAL_MODEL            ; None (CONSERVATIVE)                                            ; --            ; --           ; --         ;
; POWER_PRESET_COOLING_SOLUTION        ; 23 MM HEAT SINK WITH 200 LFPM AIRFLOW                          ; --            ; --           ; --         ;
; ROUTER_TIMING_OPTIMIZATION_LEVEL     ; MAXIMUM                                                        ; Normal        ; --           ; --         ;
; SLD_FILE                             ; DE1_SoC_QSYS/synthesis/DE1_SoC_QSYS.regmap                     ; --            ; --           ; --         ;
; SLD_FILE                             ; DE1_SoC_QSYS/synthesis/DE1_SoC_QSYS.debuginfo                  ; --            ; --           ; --         ;
; SLD_INFO                             ; QSYS_NAME DE1_SoC_QSYS HAS_SOPCINFO 1 GENERATION_ID 1471401843 ; --            ; DE1_SoC_QSYS ; --         ;
; SOPCINFO_FILE                        ; DE1_SoC_QSYS/synthesis/../../DE1_SoC_QSYS.sopcinfo             ; --            ; --           ; --         ;
; SYNTHESIS_ONLY_QIP                   ; On                                                             ; --            ; --           ; --         ;
+--------------------------------------+----------------------------------------------------------------+---------------+--------------+------------+


+-------------------------------------------------------------------------------------------------------------------------------+
; Flow Elapsed Time                                                                                                             ;
+---------------------------+--------------+-------------------------+---------------------+------------------------------------+
; Module Name               ; Elapsed Time ; Average Processors Used ; Peak Virtual Memory ; Total CPU Time (on all processors) ;
+---------------------------+--------------+-------------------------+---------------------+------------------------------------+
; Analysis & Synthesis      ; 00:01:25     ; 1.0                     ; 5237 MB             ; 00:01:45                           ;
; Fitter                    ; 00:04:05     ; 1.1                     ; 6636 MB             ; 00:07:10                           ;
; Assembler                 ; 00:00:17     ; 1.0                     ; 5110 MB             ; 00:00:14                           ;
; TimeQuest Timing Analyzer ; 00:00:32     ; 1.4                     ; 5485 MB             ; 00:00:42                           ;
; Total                     ; 00:06:19     ; --                      ; --                  ; 00:09:51                           ;
+---------------------------+--------------+-------------------------+---------------------+------------------------------------+


+----------------------------------------------------------------------------------------+
; Flow OS Summary                                                                        ;
+---------------------------+------------------+-----------+------------+----------------+
; Module Name               ; Machine Hostname ; OS Name   ; OS Version ; Processor type ;
+---------------------------+------------------+-----------+------------+----------------+
; Analysis & Synthesis      ; DESKTOP-L78EGBR  ; Windows 8 ; 6.2        ; x86_64         ;
; Fitter                    ; DESKTOP-L78EGBR  ; Windows 8 ; 6.2        ; x86_64         ;
; Assembler                 ; DESKTOP-L78EGBR  ; Windows 8 ; 6.2        ; x86_64         ;
; TimeQuest Timing Analyzer ; DESKTOP-L78EGBR  ; Windows 8 ; 6.2        ; x86_64         ;
+---------------------------+------------------+-----------+------------+----------------+


------------
; Flow Log ;
------------
quartus_map --read_settings_files=on --write_settings_files=off DE1_SoC_ADC -c DE1_SoC_ADC
quartus_fit --read_settings_files=off --write_settings_files=off DE1_SoC_ADC -c DE1_SoC_ADC
quartus_asm --read_settings_files=off --write_settings_files=off DE1_SoC_ADC -c DE1_SoC_ADC
quartus_sta DE1_SoC_ADC -c DE1_SoC_ADC



